# JRE version: OpenJDK Runtime Environment (8.0_242-b01) (build 1.8.0_242-release-1644-b01)
# Java VM: OpenJDK 64-Bit Server VM (25.242-b01 mixed mode windows-amd64 compressed oops)
Heap:
 PSYoungGen      total 654848K, used 230613K [0x00000000d5580000, 0x00000000ffc80000, 0x0000000100000000)
  eden space 613376K, 36% used [0x00000000d5580000,0x00000000e30d5748,0x00000000fac80000)
  from space 41472K, 14% used [0x00000000fd400000,0x00000000fd9e0088,0x00000000ffc80000)
  to   space 40448K, 0% used [0x00000000fac80000,0x00000000fac80000,0x00000000fd400000)
 ParOldGen       total 329216K, used 213007K [0x0000000080000000, 0x0000000094180000, 0x00000000d5580000)
  object space 329216K, 64% used [0x0000000080000000,0x000000008d003ee8,0x0000000094180000)
 Metaspace       used 179163K, capacity 188852K, committed 189104K, reserved 1214464K
  class space    used 23019K, capacity 24873K, committed 25008K, reserved 1048576K
GC Heap History (10 events):
Event: 2663.541 GC heap before
{Heap before GC invocations=33 (full 5):
 PSYoungGen      total 646144K, used 609805K [0x00000000d5580000, 0x00000000ffb80000, 0x0000000100000000)
  eden space 596480K, 100% used [0x00000000d5580000,0x00000000f9c00000,0x00000000f9c00000)
  from space 49664K, 26% used [0x00000000f9c00000,0x00000000fa903528,0x00000000fcc80000)
  to   space 47616K, 0% used [0x00000000fcd00000,0x00000000fcd00000,0x00000000ffb80000)
 ParOldGen       total 329216K, used 187013K [0x0000000080000000, 0x0000000094180000, 0x00000000d5580000)
  object space 329216K, 56% used [0x0000000080000000,0x000000008b6a16a8,0x0000000094180000)
 Metaspace       used 177869K, capacity 187408K, committed 187568K, reserved 1212416K
  class space    used 22891K, capacity 24719K, committed 24752K, reserved 1048576K
Event: 2663.592 GC heap after
Heap after GC invocations=33 (full 5):
 PSYoungGen      total 647168K, used 4990K [0x00000000d5580000, 0x00000000ffd00000, 0x0000000100000000)
  eden space 599552K, 0% used [0x00000000d5580000,0x00000000d5580000,0x00000000f9f00000)
  from space 47616K, 10% used [0x00000000fcd00000,0x00000000fd1dfac0,0x00000000ffb80000)
  to   space 47104K, 0% used [0x00000000f9f00000,0x00000000f9f00000,0x00000000fcd00000)
 ParOldGen       total 329216K, used 195205K [0x0000000080000000, 0x0000000094180000, 0x00000000d5580000)
  object space 329216K, 59% used [0x0000000080000000,0x000000008bea1518,0x0000000094180000)
 Metaspace       used 177869K, capacity 187408K, committed 187568K, reserved 1212416K
  class space    used 22891K, capacity 24719K, committed 24752K, reserved 1048576K
}
Event: 2666.711 GC heap before
{Heap before GC invocations=34 (full 5):
 PSYoungGen      total 647168K, used 604542K [0x00000000d5580000, 0x00000000ffd00000, 0x0000000100000000)
  eden space 599552K, 100% used [0x00000000d5580000,0x00000000f9f00000,0x00000000f9f00000)
  from space 47616K, 10% used [0x00000000fcd00000,0x00000000fd1dfac0,0x00000000ffb80000)
  to   space 47104K, 0% used [0x00000000f9f00000,0x00000000f9f00000,0x00000000fcd00000)
 ParOldGen       total 329216K, used 195205K [0x0000000080000000, 0x0000000094180000, 0x00000000d5580000)
  object space 329216K, 59% used [0x0000000080000000,0x000000008bea1518,0x0000000094180000)
 Metaspace       used 177906K, capacity 187490K, committed 187568K, reserved 1212416K
  class space    used 22892K, capacity 24720K, committed 24752K, reserved 1048576K
Event: 2666.738 GC heap after
Heap after GC invocations=34 (full 5):
 PSYoungGen      total 646656K, used 10546K [0x00000000d5580000, 0x00000000ffb80000, 0x0000000100000000)
  eden space 599552K, 0% used [0x00000000d5580000,0x00000000d5580000,0x00000000f9f00000)
  from space 47104K, 22% used [0x00000000f9f00000,0x00000000fa94c848,0x00000000fcd00000)
  to   space 45056K, 0% used [0x00000000fcf80000,0x00000000fcf80000,0x00000000ffb80000)
 ParOldGen       total 329216K, used 196289K [0x0000000080000000, 0x0000000094180000, 0x00000000d5580000)
  object space 329216K, 59% used [0x0000000080000000,0x000000008bfb06d0,0x0000000094180000)
 Metaspace       used 177906K, capacity 187490K, committed 187568K, reserved 1212416K
  class space    used 22892K, capacity 24720K, committed 24752K, reserved 1048576K
}
Event: 2670.203 GC heap before
{Heap before GC invocations=35 (full 5):
 PSYoungGen      total 646656K, used 610098K [0x00000000d5580000, 0x00000000ffb80000, 0x0000000100000000)
  eden space 599552K, 100% used [0x00000000d5580000,0x00000000f9f00000,0x00000000f9f00000)
  from space 47104K, 22% used [0x00000000f9f00000,0x00000000fa94c848,0x00000000fcd00000)
  to   space 45056K, 0% used [0x00000000fcf80000,0x00000000fcf80000,0x00000000ffb80000)
 ParOldGen       total 329216K, used 196289K [0x0000000080000000, 0x0000000094180000, 0x00000000d5580000)
  object space 329216K, 59% used [0x0000000080000000,0x000000008bfb06d0,0x0000000094180000)
 Metaspace       used 177940K, capacity 187496K, committed 187568K, reserved 1212416K
  class space    used 22892K, capacity 24721K, committed 24752K, reserved 1048576K
Event: 2670.425 GC heap after
Heap after GC invocations=35 (full 5):
 PSYoungGen      total 649728K, used 18539K [0x00000000d5580000, 0x00000000ffa00000, 0x0000000100000000)
  eden space 606208K, 0% used [0x00000000d5580000,0x00000000d5580000,0x00000000fa580000)
  from space 43520K, 42% used [0x00000000fcf80000,0x00000000fe19afa0,0x00000000ffa00000)
  to   space 43008K, 0% used [0x00000000fa580000,0x00000000fa580000,0x00000000fcf80000)
 ParOldGen       total 329216K, used 196289K [0x0000000080000000, 0x0000000094180000, 0x00000000d5580000)
  object space 329216K, 59% used [0x0000000080000000,0x000000008bfb06d0,0x0000000094180000)
 Metaspace       used 177940K, capacity 187496K, committed 187568K, reserved 1212416K
  class space    used 22892K, capacity 24721K, committed 24752K, reserved 1048576K
}
Event: 2674.706 GC heap before
{Heap before GC invocations=36 (full 5):
 PSYoungGen      total 649728K, used 624747K [0x00000000d5580000, 0x00000000ffa00000, 0x0000000100000000)
  eden space 606208K, 100% used [0x00000000d5580000,0x00000000fa580000,0x00000000fa580000)
  from space 43520K, 42% used [0x00000000fcf80000,0x00000000fe19afa0,0x00000000ffa00000)
  to   space 43008K, 0% used [0x00000000fa580000,0x00000000fa580000,0x00000000fcf80000)
 ParOldGen       total 329216K, used 196289K [0x0000000080000000, 0x0000000094180000, 0x00000000d5580000)
  object space 329216K, 59% used [0x0000000080000000,0x000000008bfb06d0,0x0000000094180000)
 Metaspace       used 178469K, capacity 188130K, committed 188464K, reserved 1212416K
  class space    used 22952K, capacity 24780K, committed 24880K, reserved 1048576K
Event: 2674.777 GC heap after
Heap after GC invocations=36 (full 5):
 PSYoungGen      total 649216K, used 11072K [0x00000000d5580000, 0x00000000ffc80000, 0x0000000100000000)
  eden space 606208K, 0% used [0x00000000d5580000,0x00000000d5580000,0x00000000fa580000)
  from space 43008K, 25% used [0x00000000fa580000,0x00000000fb0501b8,0x00000000fcf80000)
  to   space 41472K, 0% used [0x00000000fd400000,0x00000000fd400000,0x00000000ffc80000)
 ParOldGen       total 329216K, used 209421K [0x0000000080000000, 0x0000000094180000, 0x00000000d5580000)
  object space 329216K, 63% used [0x0000000080000000,0x000000008cc837a0,0x0000000094180000)
 Metaspace       used 178469K, capacity 188130K, committed 188464K, reserved 1212416K
  class space    used 22952K, capacity 24780K, committed 24880K, reserved 1048576K
}
Event: 2680.997 GC heap before
{Heap before GC invocations=37 (full 5):
 PSYoungGen      total 649216K, used 617280K [0x00000000d5580000, 0x00000000ffc80000, 0x0000000100000000)
  eden space 606208K, 100% used [0x00000000d5580000,0x00000000fa580000,0x00000000fa580000)
  from space 43008K, 25% used [0x00000000fa580000,0x00000000fb0501b8,0x00000000fcf80000)
  to   space 41472K, 0% used [0x00000000fd400000,0x00000000fd400000,0x00000000ffc80000)
 ParOldGen       total 329216K, used 209421K [0x0000000080000000, 0x0000000094180000, 0x00000000d5580000)
  object space 329216K, 63% used [0x0000000080000000,0x000000008cc837a0,0x0000000094180000)
 Metaspace       used 179095K, capacity 188846K, committed 189104K, reserved 1214464K
  class space    used 23017K, capacity 24872K, committed 25008K, reserved 1048576K
Event: 2681.043 GC heap after
Heap after GC invocations=37 (full 5):
 PSYoungGen      total 654848K, used 6016K [0x00000000d5580000, 0x00000000ffc80000, 0x0000000100000000)
  eden space 613376K, 0% used [0x00000000d5580000,0x00000000d5580000,0x00000000fac80000)
  from space 41472K, 14% used [0x00000000fd400000,0x00000000fd9e0088,0x00000000ffc80000)
  to   space 40448K, 0% used [0x00000000fac80000,0x00000000fac80000,0x00000000fd400000)
 ParOldGen       total 329216K, used 213007K [0x0000000080000000, 0x0000000094180000, 0x00000000d5580000)
  object space 329216K, 64% used [0x0000000080000000,0x000000008d003ee8,0x0000000094180000)
 Metaspace       used 179095K, capacity 188846K, committed 189104K, reserved 1214464K
  class space    used 23017K, capacity 24872K, committed 25008K, reserved 1048576K
}

