# JRE version: OpenJDK Runtime Environment (8.0_242-b01) (build 1.8.0_242-release-1644-b01)
# Java VM: OpenJDK 64-Bit Server VM (25.242-b01 mixed mode windows-amd64 compressed oops)
Heap:
 PSYoungGen      total 524288K, used 110985K [0x00000000d5580000, 0x00000000ffa80000, 0x0000000100000000)
  eden space 355328K, 20% used [0x00000000d5580000,0x00000000d9e34f30,0x00000000eb080000)
  from space 168960K, 21% used [0x00000000eb080000,0x00000000ed42d8a0,0x00000000f5580000)
  to   space 163840K, 0% used [0x00000000f5a80000,0x00000000f5a80000,0x00000000ffa80000)
 ParOldGen       total 320512K, used 96073K [0x0000000080000000, 0x0000000093900000, 0x00000000d5580000)
  object space 320512K, 29% used [0x0000000080000000,0x0000000085dd2738,0x0000000093900000)
 Metaspace       used 220855K, capacity 231448K, committed 231720K, reserved 1251328K
  class space    used 26936K, capacity 28851K, committed 28976K, reserved 1048576K
GC Heap History (10 events):
Event: 6846.018 GC heap before
{Heap before GC invocations=43 (full 6):
 PSYoungGen      total 524288K, used 440739K [0x00000000d5580000, 0x0000000100000000, 0x0000000100000000)
  eden space 348672K, 100% used [0x00000000d5580000,0x00000000eaa00000,0x00000000eaa00000)
  from space 175616K, 52% used [0x00000000f5480000,0x00000000fae68e60,0x0000000100000000)
  to   space 174592K, 0% used [0x00000000eaa00000,0x00000000eaa00000,0x00000000f5480000)
 ParOldGen       total 320512K, used 96041K [0x0000000080000000, 0x0000000093900000, 0x00000000d5580000)
  object space 320512K, 29% used [0x0000000080000000,0x0000000085dca738,0x0000000093900000)
 Metaspace       used 202418K, capacity 212740K, committed 212776K, reserved 1234944K
  class space    used 24825K, capacity 26649K, committed 26672K, reserved 1048576K
Event: 6846.110 GC heap after
Heap after GC invocations=43 (full 6):
 PSYoungGen      total 374784K, used 25815K [0x00000000d5580000, 0x00000000ff800000, 0x0000000100000000)
  eden space 348672K, 0% used [0x00000000d5580000,0x00000000d5580000,0x00000000eaa00000)
  from space 26112K, 98% used [0x00000000eaa00000,0x00000000ec335dd0,0x00000000ec380000)
  to   space 171008K, 0% used [0x00000000f5100000,0x00000000f5100000,0x00000000ff800000)
 ParOldGen       total 320512K, used 96049K [0x0000000080000000, 0x0000000093900000, 0x00000000d5580000)
  object space 320512K, 29% used [0x0000000080000000,0x0000000085dcc738,0x0000000093900000)
 Metaspace       used 202418K, capacity 212740K, committed 212776K, reserved 1234944K
  class space    used 24825K, capacity 26649K, committed 26672K, reserved 1048576K
}
Event: 7023.555 GC heap before
{Heap before GC invocations=44 (full 6):
 PSYoungGen      total 374784K, used 374487K [0x00000000d5580000, 0x00000000ff800000, 0x0000000100000000)
  eden space 348672K, 100% used [0x00000000d5580000,0x00000000eaa00000,0x00000000eaa00000)
  from space 26112K, 98% used [0x00000000eaa00000,0x00000000ec335dd0,0x00000000ec380000)
  to   space 171008K, 0% used [0x00000000f5100000,0x00000000f5100000,0x00000000ff800000)
 ParOldGen       total 320512K, used 96049K [0x0000000080000000, 0x0000000093900000, 0x00000000d5580000)
  object space 320512K, 29% used [0x0000000080000000,0x0000000085dcc738,0x0000000093900000)
 Metaspace       used 209010K, capacity 219374K, committed 219816K, reserved 1241088K
  class space    used 25597K, capacity 27444K, committed 27568K, reserved 1048576K
Event: 7023.659 GC heap after
Heap after GC invocations=44 (full 6):
 PSYoungGen      total 522752K, used 84173K [0x00000000d5580000, 0x0000000100000000, 0x0000000100000000)
  eden space 351744K, 0% used [0x00000000d5580000,0x00000000d5580000,0x00000000ead00000)
  from space 171008K, 49% used [0x00000000f5100000,0x00000000fa333438,0x00000000ff800000)
  to   space 167936K, 0% used [0x00000000ead00000,0x00000000ead00000,0x00000000f5100000)
 ParOldGen       total 320512K, used 96049K [0x0000000080000000, 0x0000000093900000, 0x00000000d5580000)
  object space 320512K, 29% used [0x0000000080000000,0x0000000085dcc738,0x0000000093900000)
 Metaspace       used 209010K, capacity 219374K, committed 219816K, reserved 1241088K
  class space    used 25597K, capacity 27444K, committed 27568K, reserved 1048576K
}
Event: 7084.233 GC heap before
{Heap before GC invocations=45 (full 6):
 PSYoungGen      total 522752K, used 435917K [0x00000000d5580000, 0x0000000100000000, 0x0000000100000000)
  eden space 351744K, 100% used [0x00000000d5580000,0x00000000ead00000,0x00000000ead00000)
  from space 171008K, 49% used [0x00000000f5100000,0x00000000fa333438,0x00000000ff800000)
  to   space 167936K, 0% used [0x00000000ead00000,0x00000000ead00000,0x00000000f5100000)
 ParOldGen       total 320512K, used 96049K [0x0000000080000000, 0x0000000093900000, 0x00000000d5580000)
  object space 320512K, 29% used [0x0000000080000000,0x0000000085dcc738,0x0000000093900000)
 Metaspace       used 210133K, capacity 220468K, committed 220840K, reserved 1243136K
  class space    used 25706K, capacity 27559K, committed 27568K, reserved 1048576K
Event: 7084.284 GC heap after
Heap after GC invocations=45 (full 6):
 PSYoungGen      total 519680K, used 27082K [0x00000000d5580000, 0x00000000ff600000, 0x0000000100000000)
  eden space 351744K, 0% used [0x00000000d5580000,0x00000000d5580000,0x00000000ead00000)
  from space 167936K, 16% used [0x00000000ead00000,0x00000000ec772b08,0x00000000f5100000)
  to   space 164352K, 0% used [0x00000000f5580000,0x00000000f5580000,0x00000000ff600000)
 ParOldGen       total 320512K, used 96057K [0x0000000080000000, 0x0000000093900000, 0x00000000d5580000)
  object space 320512K, 29% used [0x0000000080000000,0x0000000085dce738,0x0000000093900000)
 Metaspace       used 210133K, capacity 220468K, committed 220840K, reserved 1243136K
  class space    used 25706K, capacity 27559K, committed 27568K, reserved 1048576K
}
Event: 7194.418 GC heap before
{Heap before GC invocations=46 (full 6):
 PSYoungGen      total 519680K, used 378826K [0x00000000d5580000, 0x00000000ff600000, 0x0000000100000000)
  eden space 351744K, 100% used [0x00000000d5580000,0x00000000ead00000,0x00000000ead00000)
  from space 167936K, 16% used [0x00000000ead00000,0x00000000ec772b08,0x00000000f5100000)
  to   space 164352K, 0% used [0x00000000f5580000,0x00000000f5580000,0x00000000ff600000)
 ParOldGen       total 320512K, used 96057K [0x0000000080000000, 0x0000000093900000, 0x00000000d5580000)
  object space 320512K, 29% used [0x0000000080000000,0x0000000085dce738,0x0000000093900000)
 Metaspace       used 217757K, capacity 228258K, committed 228776K, reserved 1249280K
  class space    used 26586K, capacity 28468K, committed 28592K, reserved 1048576K
Event: 7194.536 GC heap after
Heap after GC invocations=46 (full 6):
 PSYoungGen      total 519680K, used 102228K [0x00000000d5580000, 0x0000000100000000, 0x0000000100000000)
  eden space 355328K, 0% used [0x00000000d5580000,0x00000000d5580000,0x00000000eb080000)
  from space 164352K, 62% used [0x00000000f5580000,0x00000000fb955330,0x00000000ff600000)
  to   space 168960K, 0% used [0x00000000eb080000,0x00000000eb080000,0x00000000f5580000)
 ParOldGen       total 320512K, used 96065K [0x0000000080000000, 0x0000000093900000, 0x00000000d5580000)
  object space 320512K, 29% used [0x0000000080000000,0x0000000085dd0738,0x0000000093900000)
 Metaspace       used 217757K, capacity 228258K, committed 228776K, reserved 1249280K
  class space    used 26586K, capacity 28468K, committed 28592K, reserved 1048576K
}
Event: 7261.733 GC heap before
{Heap before GC invocations=47 (full 6):
 PSYoungGen      total 519680K, used 457556K [0x00000000d5580000, 0x0000000100000000, 0x0000000100000000)
  eden space 355328K, 100% used [0x00000000d5580000,0x00000000eb080000,0x00000000eb080000)
  from space 164352K, 62% used [0x00000000f5580000,0x00000000fb955330,0x00000000ff600000)
  to   space 168960K, 0% used [0x00000000eb080000,0x00000000eb080000,0x00000000f5580000)
 ParOldGen       total 320512K, used 96065K [0x0000000080000000, 0x0000000093900000, 0x00000000d5580000)
  object space 320512K, 29% used [0x0000000080000000,0x0000000085dd0738,0x0000000093900000)
 Metaspace       used 218840K, capacity 229446K, committed 229544K, reserved 1251328K
  class space    used 26698K, capacity 28590K, committed 28592K, reserved 1048576K
Event: 7261.803 GC heap after
Heap after GC invocations=47 (full 6):
 PSYoungGen      total 524288K, used 36534K [0x00000000d5580000, 0x00000000ffa80000, 0x0000000100000000)
  eden space 355328K, 0% used [0x00000000d5580000,0x00000000d5580000,0x00000000eb080000)
  from space 168960K, 21% used [0x00000000eb080000,0x00000000ed42d8a0,0x00000000f5580000)
  to   space 163840K, 0% used [0x00000000f5a80000,0x00000000f5a80000,0x00000000ffa80000)
 ParOldGen       total 320512K, used 96073K [0x0000000080000000, 0x0000000093900000, 0x00000000d5580000)
  object space 320512K, 29% used [0x0000000080000000,0x0000000085dd2738,0x0000000093900000)
 Metaspace       used 218840K, capacity 229446K, committed 229544K, reserved 1251328K
  class space    used 26698K, capacity 28590K, committed 28592K, reserved 1048576K
}

